2020-06-29 16:11:55,221 ERROR 9288 [-/127.0.0.1/-/11ms GET /news] nodejs.Error: Please set config.keys first
    at Application.get keys [as keys] (D:\workspace\egg-example\node_modules\egg\lib\application.js:266:15)
    at Object.get cookies [as cookies] (D:\workspace\egg-example\node_modules\egg\app\extend\context.js:22:66)
    at Object.get [egg-security#CSRF_SECRET] (D:\workspace\egg-example\node_modules\egg-security\app\extend\context.js:91:35)
    at Object.ensureCsrfSecret (D:\workspace\egg-example\node_modules\egg-security\app\extend\context.js:104:13)
    at csrf (D:\workspace\egg-example\node_modules\egg-security\lib\middlewares\csrf.js:15:11)
    at dispatch (D:\workspace\egg-example\node_modules\egg-security\node_modules\koa-compose\index.js:42:32)
    at D:\workspace\egg-example\node_modules\egg-security\node_modules\koa-compose\index.js:34:12
    at dispatch (D:\workspace\egg-example\node_modules\koa\node_modules\koa-compose\index.js:42:32)
    at session (D:\workspace\egg-example\node_modules\koa-session\index.js:41:13)
    at dispatch (D:\workspace\egg-example\node_modules\koa\node_modules\koa-compose\index.js:42:32)

pid: 9288
hostname: BF-202006112317

2020-06-29 16:11:57,738 ERROR 9288 [-/127.0.0.1/-/3ms GET /] nodejs.Error: Please set config.keys first
    at Application.get keys [as keys] (D:\workspace\egg-example\node_modules\egg\lib\application.js:266:15)
    at Object.get cookies [as cookies] (D:\workspace\egg-example\node_modules\egg\app\extend\context.js:22:66)
    at Object.get [egg-security#CSRF_SECRET] (D:\workspace\egg-example\node_modules\egg-security\app\extend\context.js:91:35)
    at Object.ensureCsrfSecret (D:\workspace\egg-example\node_modules\egg-security\app\extend\context.js:104:13)
    at csrf (D:\workspace\egg-example\node_modules\egg-security\lib\middlewares\csrf.js:15:11)
    at dispatch (D:\workspace\egg-example\node_modules\egg-security\node_modules\koa-compose\index.js:42:32)
    at D:\workspace\egg-example\node_modules\egg-security\node_modules\koa-compose\index.js:34:12
    at dispatch (D:\workspace\egg-example\node_modules\koa\node_modules\koa-compose\index.js:42:32)
    at session (D:\workspace\egg-example\node_modules\koa-session\index.js:41:13)
    at dispatch (D:\workspace\egg-example\node_modules\koa\node_modules\koa-compose\index.js:42:32)

pid: 9288
hostname: BF-202006112317

2020-06-29 16:11:59,452 ERROR 9288 [-/127.0.0.1/-/1ms GET /] nodejs.Error: Please set config.keys first
    at Application.get keys [as keys] (D:\workspace\egg-example\node_modules\egg\lib\application.js:266:15)
    at Object.get cookies [as cookies] (D:\workspace\egg-example\node_modules\egg\app\extend\context.js:22:66)
    at Object.get [egg-security#CSRF_SECRET] (D:\workspace\egg-example\node_modules\egg-security\app\extend\context.js:91:35)
    at Object.ensureCsrfSecret (D:\workspace\egg-example\node_modules\egg-security\app\extend\context.js:104:13)
    at csrf (D:\workspace\egg-example\node_modules\egg-security\lib\middlewares\csrf.js:15:11)
    at dispatch (D:\workspace\egg-example\node_modules\egg-security\node_modules\koa-compose\index.js:42:32)
    at D:\workspace\egg-example\node_modules\egg-security\node_modules\koa-compose\index.js:34:12
    at dispatch (D:\workspace\egg-example\node_modules\koa\node_modules\koa-compose\index.js:42:32)
    at session (D:\workspace\egg-example\node_modules\koa-session\index.js:41:13)
    at dispatch (D:\workspace\egg-example\node_modules\koa\node_modules\koa-compose\index.js:42:32)

pid: 9288
hostname: BF-202006112317

2020-06-29 17:35:45,533 ERROR 8884 [-/127.0.0.1/-/10ms GET /news] nodejs.TypeError: this.ctx.service.news.list is not a function
    at ListController.list (D:\workspace\egg-example\app\controller\news.js:6:50)
    at Object.callFn (D:\workspace\egg-example\node_modules\egg-core\lib\utils\index.js:44:21)
    at Object.classControllerMiddleware (D:\workspace\egg-example\node_modules\egg-core\lib\loader\mixin\controller.js:87:20)
    at Object.callFn (D:\workspace\egg-example\node_modules\@eggjs\router\lib\utils.js:12:21)
    at wrappedController (D:\workspace\egg-example\node_modules\@eggjs\router\lib\egg_router.js:322:18)
    at dispatch (D:\workspace\egg-example\node_modules\koa-compose\index.js:44:32)
    at next (D:\workspace\egg-example\node_modules\koa-compose\index.js:45:18)
    at D:\workspace\egg-example\node_modules\@eggjs\router\lib\router.js:190:18
    at dispatch (D:\workspace\egg-example\node_modules\koa-compose\index.js:44:32)
    at D:\workspace\egg-example\node_modules\koa-compose\index.js:36:12

pid: 8884
hostname: BF-202006112317

2020-06-29 17:37:46,013 ERROR 5400 [-/127.0.0.1/-/13ms GET /news] nodejs.TypeError: this.ctx.service.news.list is not a function
    at ListController.list (D:\workspace\egg-example\app\controller\news.js:6:50)
    at Object.callFn (D:\workspace\egg-example\node_modules\egg-core\lib\utils\index.js:44:21)
    at Object.classControllerMiddleware (D:\workspace\egg-example\node_modules\egg-core\lib\loader\mixin\controller.js:87:20)
    at Object.callFn (D:\workspace\egg-example\node_modules\@eggjs\router\lib\utils.js:12:21)
    at wrappedController (D:\workspace\egg-example\node_modules\@eggjs\router\lib\egg_router.js:322:18)
    at dispatch (D:\workspace\egg-example\node_modules\koa-compose\index.js:44:32)
    at next (D:\workspace\egg-example\node_modules\koa-compose\index.js:45:18)
    at D:\workspace\egg-example\node_modules\@eggjs\router\lib\router.js:190:18
    at dispatch (D:\workspace\egg-example\node_modules\koa-compose\index.js:44:32)
    at D:\workspace\egg-example\node_modules\koa-compose\index.js:36:12

pid: 5400
hostname: BF-202006112317

2020-06-29 17:38:06,340 ERROR 5400 [-/127.0.0.1/-/1ms GET /news] nodejs.TypeError: this.ctx.service.news.list is not a function
    at ListController.list (D:\workspace\egg-example\app\controller\news.js:6:50)
    at Object.callFn (D:\workspace\egg-example\node_modules\egg-core\lib\utils\index.js:44:21)
    at Object.classControllerMiddleware (D:\workspace\egg-example\node_modules\egg-core\lib\loader\mixin\controller.js:87:20)
    at Object.callFn (D:\workspace\egg-example\node_modules\@eggjs\router\lib\utils.js:12:21)
    at wrappedController (D:\workspace\egg-example\node_modules\@eggjs\router\lib\egg_router.js:322:18)
    at dispatch (D:\workspace\egg-example\node_modules\koa-compose\index.js:44:32)
    at next (D:\workspace\egg-example\node_modules\koa-compose\index.js:45:18)
    at D:\workspace\egg-example\node_modules\@eggjs\router\lib\router.js:190:18
    at dispatch (D:\workspace\egg-example\node_modules\koa-compose\index.js:44:32)
    at D:\workspace\egg-example\node_modules\koa-compose\index.js:36:12

pid: 5400
hostname: BF-202006112317

2020-06-29 17:40:10,323 ERROR 10728 [-/127.0.0.1/-/12ms GET /news] nodejs.TypeError: this.ctx.service.news.list is not a function
    at ListController.list (D:\workspace\egg-example\app\controller\news.js:6:50)
    at Object.callFn (D:\workspace\egg-example\node_modules\egg-core\lib\utils\index.js:44:21)
    at Object.classControllerMiddleware (D:\workspace\egg-example\node_modules\egg-core\lib\loader\mixin\controller.js:87:20)
    at Object.callFn (D:\workspace\egg-example\node_modules\@eggjs\router\lib\utils.js:12:21)
    at wrappedController (D:\workspace\egg-example\node_modules\@eggjs\router\lib\egg_router.js:322:18)
    at dispatch (D:\workspace\egg-example\node_modules\koa-compose\index.js:44:32)
    at next (D:\workspace\egg-example\node_modules\koa-compose\index.js:45:18)
    at D:\workspace\egg-example\node_modules\@eggjs\router\lib\router.js:190:18
    at dispatch (D:\workspace\egg-example\node_modules\koa-compose\index.js:44:32)
    at D:\workspace\egg-example\node_modules\koa-compose\index.js:36:12

pid: 10728
hostname: BF-202006112317

2020-06-29 17:41:04,073 ERROR 10728 [-/127.0.0.1/-/36925ms GET /news] nodejs.TypeError: this.ctx.service.news.list is not a function
    at ListController.list (D:\workspace\egg-example\app\controller\news.js:6:50)
    at Object.callFn (D:\workspace\egg-example\node_modules\egg-core\lib\utils\index.js:44:21)
    at Object.classControllerMiddleware (D:\workspace\egg-example\node_modules\egg-core\lib\loader\mixin\controller.js:87:20)
    at Object.callFn (D:\workspace\egg-example\node_modules\@eggjs\router\lib\utils.js:12:21)
    at wrappedController (D:\workspace\egg-example\node_modules\@eggjs\router\lib\egg_router.js:322:18)
    at dispatch (D:\workspace\egg-example\node_modules\koa-compose\index.js:44:32)
    at next (D:\workspace\egg-example\node_modules\koa-compose\index.js:45:18)
    at D:\workspace\egg-example\node_modules\@eggjs\router\lib\router.js:190:18
    at dispatch (D:\workspace\egg-example\node_modules\koa-compose\index.js:44:32)
    at D:\workspace\egg-example\node_modules\koa-compose\index.js:36:12

pid: 10728
hostname: BF-202006112317

2020-06-29 18:01:09,799 ERROR 10860 nodejs.ResponseTimeoutError: Response timeout for 5000ms, GET https://api.apiopen.top/getJoke -1 (connected: true, keepalive socket: false, agent status: {"createSocketCount":1,"createSocketErrorCount":0,"closeSocketCount":1,"errorSocketCount":0,"timeoutSocketCount":0,"requestCount":0,"freeSockets":{},"sockets":{},"requests":{}}, socketHandledRequests: 1, socketHandledResponses: 0)
headers: {}
headers: {}
    at Timeout._onTimeout (D:\workspace\egg-example\node_modules\urllib\lib\urllib.js:960:15)
    at ontimeout (timers.js:436:11)
    at tryOnTimeout (timers.js:300:5)
    at listOnTimeout (timers.js:263:5)
    at Timer.processTimers (timers.js:223:10)
name: "ResponseTimeoutError"
requestId: 1
data: undefined
path: "/getJoke?type=text&page=1&count=5"
status: -1
headers: {}
res: {"status":-1,"statusCode":-1,"statusMessage":null,"headers":{},"size":0,"aborted":false,"rt":8822,"keepAliveSocket":false,"requestUrls":["https://api.apiopen.top/getJoke"],"timing":null,"remoteAddress":"47.100.122.205","remotePort":443,"socketHandledRequests":1,"socketHandledResponses":0}
pid: 10860
hostname: BF-202006112317

