2020-06-29 16:11:47,841 INFO 9288 [egg-schedule]: register schedule D:\workspace\egg-example\node_modules\egg-multipart\app\schedule\clean_tmpdir.js
2020-06-29 16:11:47,842 INFO 9288 [egg-schedule]: register schedule D:\workspace\egg-example\node_modules\egg-logrotator\app\schedule\clean_log.js
2020-06-29 16:11:47,842 INFO 9288 [egg-schedule]: register schedule D:\workspace\egg-example\node_modules\egg-logrotator\app\schedule\rotate_by_file.js
2020-06-29 16:11:47,954 INFO 4224 [Timer] D:\workspace\egg-example\node_modules\egg-multipart\app\schedule\clean_tmpdir.js next time will execute after 44292049ms at 2020-06-30 04:30:00.003
2020-06-29 16:11:47,954 INFO 4224 [Timer] D:\workspace\egg-example\node_modules\egg-logrotator\app\schedule\clean_log.js next time will execute after 28092046ms at 2020-06-30 00:00:00.000
2020-06-29 16:11:47,955 INFO 4224 [Timer] D:\workspace\egg-example\node_modules\egg-logrotator\app\schedule\rotate_by_file.js next time will execute after 28093046ms at 2020-06-30 00:00:01.001
2020-06-29 16:13:05,851 INFO 2364 [egg-schedule]: register schedule D:\workspace\egg-example\node_modules\egg-multipart\app\schedule\clean_tmpdir.js
2020-06-29 16:13:05,851 INFO 2364 [egg-schedule]: register schedule D:\workspace\egg-example\node_modules\egg-logrotator\app\schedule\clean_log.js
2020-06-29 16:13:05,851 INFO 2364 [egg-schedule]: register schedule D:\workspace\egg-example\node_modules\egg-logrotator\app\schedule\rotate_by_file.js
2020-06-29 16:26:10,755 INFO 11824 [egg-schedule]: register schedule D:\workspace\egg-example\node_modules\egg-multipart\app\schedule\clean_tmpdir.js
2020-06-29 16:26:10,755 INFO 11824 [egg-schedule]: register schedule D:\workspace\egg-example\node_modules\egg-logrotator\app\schedule\clean_log.js
2020-06-29 16:26:10,755 INFO 11824 [egg-schedule]: register schedule D:\workspace\egg-example\node_modules\egg-logrotator\app\schedule\rotate_by_file.js
2020-06-29 16:26:19,910 INFO 2972 [egg-schedule]: register schedule D:\workspace\egg-example\node_modules\egg-multipart\app\schedule\clean_tmpdir.js
2020-06-29 16:26:19,910 INFO 2972 [egg-schedule]: register schedule D:\workspace\egg-example\node_modules\egg-logrotator\app\schedule\clean_log.js
2020-06-29 16:26:19,910 INFO 2972 [egg-schedule]: register schedule D:\workspace\egg-example\node_modules\egg-logrotator\app\schedule\rotate_by_file.js
2020-06-29 16:26:21,819 INFO 10036 [egg-schedule]: register schedule D:\workspace\egg-example\node_modules\egg-multipart\app\schedule\clean_tmpdir.js
2020-06-29 16:26:21,820 INFO 10036 [egg-schedule]: register schedule D:\workspace\egg-example\node_modules\egg-logrotator\app\schedule\clean_log.js
2020-06-29 16:26:21,820 INFO 10036 [egg-schedule]: register schedule D:\workspace\egg-example\node_modules\egg-logrotator\app\schedule\rotate_by_file.js
2020-06-29 16:26:49,376 INFO 11272 [egg-schedule]: register schedule D:\workspace\egg-example\node_modules\egg-multipart\app\schedule\clean_tmpdir.js
2020-06-29 16:26:49,376 INFO 11272 [egg-schedule]: register schedule D:\workspace\egg-example\node_modules\egg-logrotator\app\schedule\clean_log.js
2020-06-29 16:26:49,376 INFO 11272 [egg-schedule]: register schedule D:\workspace\egg-example\node_modules\egg-logrotator\app\schedule\rotate_by_file.js
2020-06-29 16:29:55,962 INFO 5492 [egg-schedule]: register schedule D:\workspace\egg-example\node_modules\egg-multipart\app\schedule\clean_tmpdir.js
2020-06-29 16:29:55,962 INFO 5492 [egg-schedule]: register schedule D:\workspace\egg-example\node_modules\egg-logrotator\app\schedule\clean_log.js
2020-06-29 16:29:55,962 INFO 5492 [egg-schedule]: register schedule D:\workspace\egg-example\node_modules\egg-logrotator\app\schedule\rotate_by_file.js
2020-06-29 16:32:51,643 INFO 10484 [egg-schedule]: register schedule D:\workspace\egg-example\node_modules\egg-multipart\app\schedule\clean_tmpdir.js
2020-06-29 16:32:51,643 INFO 10484 [egg-schedule]: register schedule D:\workspace\egg-example\node_modules\egg-logrotator\app\schedule\clean_log.js
2020-06-29 16:32:51,643 INFO 10484 [egg-schedule]: register schedule D:\workspace\egg-example\node_modules\egg-logrotator\app\schedule\rotate_by_file.js
2020-06-29 16:33:17,340 INFO 11008 [egg-schedule]: register schedule D:\workspace\egg-example\node_modules\egg-multipart\app\schedule\clean_tmpdir.js
2020-06-29 16:33:17,340 INFO 11008 [egg-schedule]: register schedule D:\workspace\egg-example\node_modules\egg-logrotator\app\schedule\clean_log.js
2020-06-29 16:33:17,340 INFO 11008 [egg-schedule]: register schedule D:\workspace\egg-example\node_modules\egg-logrotator\app\schedule\rotate_by_file.js
2020-06-29 16:34:32,396 INFO 5880 [egg-schedule]: register schedule D:\workspace\egg-example\node_modules\egg-multipart\app\schedule\clean_tmpdir.js
2020-06-29 16:34:32,396 INFO 5880 [egg-schedule]: register schedule D:\workspace\egg-example\node_modules\egg-logrotator\app\schedule\clean_log.js
2020-06-29 16:34:32,396 INFO 5880 [egg-schedule]: register schedule D:\workspace\egg-example\node_modules\egg-logrotator\app\schedule\rotate_by_file.js
2020-06-29 16:34:43,248 INFO 9520 [egg-schedule]: register schedule D:\workspace\egg-example\node_modules\egg-multipart\app\schedule\clean_tmpdir.js
2020-06-29 16:34:43,248 INFO 9520 [egg-schedule]: register schedule D:\workspace\egg-example\node_modules\egg-logrotator\app\schedule\clean_log.js
2020-06-29 16:34:43,248 INFO 9520 [egg-schedule]: register schedule D:\workspace\egg-example\node_modules\egg-logrotator\app\schedule\rotate_by_file.js
2020-06-29 16:35:23,352 INFO 2624 [egg-schedule]: register schedule D:\workspace\egg-example\node_modules\egg-multipart\app\schedule\clean_tmpdir.js
2020-06-29 16:35:23,352 INFO 2624 [egg-schedule]: register schedule D:\workspace\egg-example\node_modules\egg-logrotator\app\schedule\clean_log.js
2020-06-29 16:35:23,352 INFO 2624 [egg-schedule]: register schedule D:\workspace\egg-example\node_modules\egg-logrotator\app\schedule\rotate_by_file.js
2020-06-29 16:35:46,920 INFO 9652 [egg-schedule]: register schedule D:\workspace\egg-example\node_modules\egg-multipart\app\schedule\clean_tmpdir.js
2020-06-29 16:35:46,920 INFO 9652 [egg-schedule]: register schedule D:\workspace\egg-example\node_modules\egg-logrotator\app\schedule\clean_log.js
2020-06-29 16:35:46,920 INFO 9652 [egg-schedule]: register schedule D:\workspace\egg-example\node_modules\egg-logrotator\app\schedule\rotate_by_file.js
2020-06-29 16:54:53,659 INFO 4236 [egg-schedule]: register schedule D:\workspace\egg-example\node_modules\egg-multipart\app\schedule\clean_tmpdir.js
2020-06-29 16:54:53,659 INFO 4236 [egg-schedule]: register schedule D:\workspace\egg-example\node_modules\egg-logrotator\app\schedule\clean_log.js
2020-06-29 16:54:53,659 INFO 4236 [egg-schedule]: register schedule D:\workspace\egg-example\node_modules\egg-logrotator\app\schedule\rotate_by_file.js
2020-06-29 16:55:08,519 INFO 11108 [egg-schedule]: register schedule D:\workspace\egg-example\node_modules\egg-multipart\app\schedule\clean_tmpdir.js
2020-06-29 16:55:08,519 INFO 11108 [egg-schedule]: register schedule D:\workspace\egg-example\node_modules\egg-logrotator\app\schedule\clean_log.js
2020-06-29 16:55:08,519 INFO 11108 [egg-schedule]: register schedule D:\workspace\egg-example\node_modules\egg-logrotator\app\schedule\rotate_by_file.js
2020-06-29 16:55:41,081 INFO 7492 [egg-schedule]: register schedule D:\workspace\egg-example\node_modules\egg-multipart\app\schedule\clean_tmpdir.js
2020-06-29 16:55:41,082 INFO 7492 [egg-schedule]: register schedule D:\workspace\egg-example\node_modules\egg-logrotator\app\schedule\clean_log.js
2020-06-29 16:55:41,082 INFO 7492 [egg-schedule]: register schedule D:\workspace\egg-example\node_modules\egg-logrotator\app\schedule\rotate_by_file.js
2020-06-29 17:22:17,210 INFO 10796 [egg-schedule]: register schedule D:\workspace\egg-example\node_modules\egg-multipart\app\schedule\clean_tmpdir.js
2020-06-29 17:22:17,211 INFO 10796 [egg-schedule]: register schedule D:\workspace\egg-example\node_modules\egg-logrotator\app\schedule\clean_log.js
2020-06-29 17:22:17,211 INFO 10796 [egg-schedule]: register schedule D:\workspace\egg-example\node_modules\egg-logrotator\app\schedule\rotate_by_file.js
2020-06-29 17:24:42,314 INFO 11420 [egg-schedule]: register schedule D:\workspace\egg-example\node_modules\egg-multipart\app\schedule\clean_tmpdir.js
2020-06-29 17:24:42,314 INFO 11420 [egg-schedule]: register schedule D:\workspace\egg-example\node_modules\egg-logrotator\app\schedule\clean_log.js
2020-06-29 17:24:42,314 INFO 11420 [egg-schedule]: register schedule D:\workspace\egg-example\node_modules\egg-logrotator\app\schedule\rotate_by_file.js
2020-06-29 17:28:31,740 INFO 5444 [egg-schedule]: register schedule D:\workspace\egg-example\node_modules\egg-multipart\app\schedule\clean_tmpdir.js
2020-06-29 17:28:31,740 INFO 5444 [egg-schedule]: register schedule D:\workspace\egg-example\node_modules\egg-logrotator\app\schedule\clean_log.js
2020-06-29 17:28:31,740 INFO 5444 [egg-schedule]: register schedule D:\workspace\egg-example\node_modules\egg-logrotator\app\schedule\rotate_by_file.js
2020-06-29 17:29:18,933 INFO 8208 [egg-schedule]: register schedule D:\workspace\egg-example\node_modules\egg-multipart\app\schedule\clean_tmpdir.js
2020-06-29 17:29:18,933 INFO 8208 [egg-schedule]: register schedule D:\workspace\egg-example\node_modules\egg-logrotator\app\schedule\clean_log.js
2020-06-29 17:29:18,933 INFO 8208 [egg-schedule]: register schedule D:\workspace\egg-example\node_modules\egg-logrotator\app\schedule\rotate_by_file.js
2020-06-29 17:29:39,485 INFO 12280 [egg-schedule]: register schedule D:\workspace\egg-example\node_modules\egg-multipart\app\schedule\clean_tmpdir.js
2020-06-29 17:29:39,485 INFO 12280 [egg-schedule]: register schedule D:\workspace\egg-example\node_modules\egg-logrotator\app\schedule\clean_log.js
2020-06-29 17:29:39,485 INFO 12280 [egg-schedule]: register schedule D:\workspace\egg-example\node_modules\egg-logrotator\app\schedule\rotate_by_file.js
2020-06-29 17:32:34,103 INFO 11944 [egg-schedule]: register schedule D:\workspace\egg-example\node_modules\egg-multipart\app\schedule\clean_tmpdir.js
2020-06-29 17:32:34,103 INFO 11944 [egg-schedule]: register schedule D:\workspace\egg-example\node_modules\egg-logrotator\app\schedule\clean_log.js
2020-06-29 17:32:34,103 INFO 11944 [egg-schedule]: register schedule D:\workspace\egg-example\node_modules\egg-logrotator\app\schedule\rotate_by_file.js
2020-06-29 17:32:47,211 INFO 2492 [egg-schedule]: register schedule D:\workspace\egg-example\node_modules\egg-multipart\app\schedule\clean_tmpdir.js
2020-06-29 17:32:47,211 INFO 2492 [egg-schedule]: register schedule D:\workspace\egg-example\node_modules\egg-logrotator\app\schedule\clean_log.js
2020-06-29 17:32:47,211 INFO 2492 [egg-schedule]: register schedule D:\workspace\egg-example\node_modules\egg-logrotator\app\schedule\rotate_by_file.js
2020-06-29 17:32:57,532 INFO 10556 [egg-schedule]: register schedule D:\workspace\egg-example\node_modules\egg-multipart\app\schedule\clean_tmpdir.js
2020-06-29 17:32:57,532 INFO 10556 [egg-schedule]: register schedule D:\workspace\egg-example\node_modules\egg-logrotator\app\schedule\clean_log.js
2020-06-29 17:32:57,532 INFO 10556 [egg-schedule]: register schedule D:\workspace\egg-example\node_modules\egg-logrotator\app\schedule\rotate_by_file.js
2020-06-29 17:33:11,345 INFO 2212 [egg-schedule]: register schedule D:\workspace\egg-example\node_modules\egg-multipart\app\schedule\clean_tmpdir.js
2020-06-29 17:33:11,345 INFO 2212 [egg-schedule]: register schedule D:\workspace\egg-example\node_modules\egg-logrotator\app\schedule\clean_log.js
2020-06-29 17:33:11,345 INFO 2212 [egg-schedule]: register schedule D:\workspace\egg-example\node_modules\egg-logrotator\app\schedule\rotate_by_file.js
2020-06-29 17:33:38,601 INFO 6844 [egg-schedule]: register schedule D:\workspace\egg-example\node_modules\egg-multipart\app\schedule\clean_tmpdir.js
2020-06-29 17:33:38,601 INFO 6844 [egg-schedule]: register schedule D:\workspace\egg-example\node_modules\egg-logrotator\app\schedule\clean_log.js
2020-06-29 17:33:38,601 INFO 6844 [egg-schedule]: register schedule D:\workspace\egg-example\node_modules\egg-logrotator\app\schedule\rotate_by_file.js
2020-06-29 17:34:36,367 INFO 3200 [egg-schedule]: register schedule D:\workspace\egg-example\node_modules\egg-multipart\app\schedule\clean_tmpdir.js
2020-06-29 17:34:36,367 INFO 3200 [egg-schedule]: register schedule D:\workspace\egg-example\node_modules\egg-logrotator\app\schedule\clean_log.js
2020-06-29 17:34:36,367 INFO 3200 [egg-schedule]: register schedule D:\workspace\egg-example\node_modules\egg-logrotator\app\schedule\rotate_by_file.js
2020-06-29 17:35:27,276 INFO 8884 [egg-schedule]: register schedule D:\workspace\egg-example\node_modules\egg-multipart\app\schedule\clean_tmpdir.js
2020-06-29 17:35:27,276 INFO 8884 [egg-schedule]: register schedule D:\workspace\egg-example\node_modules\egg-logrotator\app\schedule\clean_log.js
2020-06-29 17:35:27,276 INFO 8884 [egg-schedule]: register schedule D:\workspace\egg-example\node_modules\egg-logrotator\app\schedule\rotate_by_file.js
2020-06-29 17:35:59,946 INFO 5724 [egg-schedule]: register schedule D:\workspace\egg-example\node_modules\egg-multipart\app\schedule\clean_tmpdir.js
2020-06-29 17:35:59,946 INFO 5724 [egg-schedule]: register schedule D:\workspace\egg-example\node_modules\egg-logrotator\app\schedule\clean_log.js
2020-06-29 17:35:59,946 INFO 5724 [egg-schedule]: register schedule D:\workspace\egg-example\node_modules\egg-logrotator\app\schedule\rotate_by_file.js
2020-06-29 17:37:43,769 INFO 5400 [egg-schedule]: register schedule D:\workspace\egg-example\node_modules\egg-multipart\app\schedule\clean_tmpdir.js
2020-06-29 17:37:43,769 INFO 5400 [egg-schedule]: register schedule D:\workspace\egg-example\node_modules\egg-logrotator\app\schedule\clean_log.js
2020-06-29 17:37:43,769 INFO 5400 [egg-schedule]: register schedule D:\workspace\egg-example\node_modules\egg-logrotator\app\schedule\rotate_by_file.js
2020-06-29 17:40:04,900 INFO 10728 [egg-schedule]: register schedule D:\workspace\egg-example\node_modules\egg-multipart\app\schedule\clean_tmpdir.js
2020-06-29 17:40:04,900 INFO 10728 [egg-schedule]: register schedule D:\workspace\egg-example\node_modules\egg-logrotator\app\schedule\clean_log.js
2020-06-29 17:40:04,900 INFO 10728 [egg-schedule]: register schedule D:\workspace\egg-example\node_modules\egg-logrotator\app\schedule\rotate_by_file.js
2020-06-29 17:40:05,013 INFO 10532 [Timer] D:\workspace\egg-example\node_modules\egg-multipart\app\schedule\clean_tmpdir.js next time will execute after 38994990ms at 2020-06-30 04:30:00.003
2020-06-29 17:40:05,014 INFO 10532 [Timer] D:\workspace\egg-example\node_modules\egg-logrotator\app\schedule\clean_log.js next time will execute after 22794986ms at 2020-06-30 00:00:00.000
2020-06-29 17:40:05,014 INFO 10532 [Timer] D:\workspace\egg-example\node_modules\egg-logrotator\app\schedule\rotate_by_file.js next time will execute after 22795986ms at 2020-06-30 00:00:01.000
2020-06-29 17:41:05,434 INFO 11320 [egg-schedule]: register schedule D:\workspace\egg-example\node_modules\egg-multipart\app\schedule\clean_tmpdir.js
2020-06-29 17:41:05,434 INFO 11320 [egg-schedule]: register schedule D:\workspace\egg-example\node_modules\egg-logrotator\app\schedule\clean_log.js
2020-06-29 17:41:05,434 INFO 11320 [egg-schedule]: register schedule D:\workspace\egg-example\node_modules\egg-logrotator\app\schedule\rotate_by_file.js
2020-06-29 17:45:21,903 INFO 8060 [egg-schedule]: register schedule D:\workspace\egg-example\node_modules\egg-multipart\app\schedule\clean_tmpdir.js
2020-06-29 17:45:21,903 INFO 8060 [egg-schedule]: register schedule D:\workspace\egg-example\node_modules\egg-logrotator\app\schedule\clean_log.js
2020-06-29 17:45:21,903 INFO 8060 [egg-schedule]: register schedule D:\workspace\egg-example\node_modules\egg-logrotator\app\schedule\rotate_by_file.js
2020-06-29 17:49:57,434 INFO 2688 [egg-schedule]: register schedule D:\workspace\egg-example\node_modules\egg-multipart\app\schedule\clean_tmpdir.js
2020-06-29 17:49:57,434 INFO 2688 [egg-schedule]: register schedule D:\workspace\egg-example\node_modules\egg-logrotator\app\schedule\clean_log.js
2020-06-29 17:49:57,434 INFO 2688 [egg-schedule]: register schedule D:\workspace\egg-example\node_modules\egg-logrotator\app\schedule\rotate_by_file.js
2020-06-29 17:51:33,959 INFO 5060 [egg-schedule]: register schedule D:\workspace\egg-example\node_modules\egg-multipart\app\schedule\clean_tmpdir.js
2020-06-29 17:51:33,959 INFO 5060 [egg-schedule]: register schedule D:\workspace\egg-example\node_modules\egg-logrotator\app\schedule\clean_log.js
2020-06-29 17:51:33,959 INFO 5060 [egg-schedule]: register schedule D:\workspace\egg-example\node_modules\egg-logrotator\app\schedule\rotate_by_file.js
2020-06-29 17:52:15,093 INFO 11772 [egg-schedule]: register schedule D:\workspace\egg-example\node_modules\egg-multipart\app\schedule\clean_tmpdir.js
2020-06-29 17:52:15,093 INFO 11772 [egg-schedule]: register schedule D:\workspace\egg-example\node_modules\egg-logrotator\app\schedule\clean_log.js
2020-06-29 17:52:15,093 INFO 11772 [egg-schedule]: register schedule D:\workspace\egg-example\node_modules\egg-logrotator\app\schedule\rotate_by_file.js
2020-06-29 17:53:26,514 INFO 12000 [egg-schedule]: register schedule D:\workspace\egg-example\node_modules\egg-multipart\app\schedule\clean_tmpdir.js
2020-06-29 17:53:26,514 INFO 12000 [egg-schedule]: register schedule D:\workspace\egg-example\node_modules\egg-logrotator\app\schedule\clean_log.js
2020-06-29 17:53:26,514 INFO 12000 [egg-schedule]: register schedule D:\workspace\egg-example\node_modules\egg-logrotator\app\schedule\rotate_by_file.js
2020-06-29 17:54:13,748 INFO 4144 [egg-schedule]: register schedule D:\workspace\egg-example\node_modules\egg-multipart\app\schedule\clean_tmpdir.js
2020-06-29 17:54:13,748 INFO 4144 [egg-schedule]: register schedule D:\workspace\egg-example\node_modules\egg-logrotator\app\schedule\clean_log.js
2020-06-29 17:54:13,748 INFO 4144 [egg-schedule]: register schedule D:\workspace\egg-example\node_modules\egg-logrotator\app\schedule\rotate_by_file.js
2020-06-29 17:54:30,456 INFO 1280 [egg-schedule]: register schedule D:\workspace\egg-example\node_modules\egg-multipart\app\schedule\clean_tmpdir.js
2020-06-29 17:54:30,456 INFO 1280 [egg-schedule]: register schedule D:\workspace\egg-example\node_modules\egg-logrotator\app\schedule\clean_log.js
2020-06-29 17:54:30,456 INFO 1280 [egg-schedule]: register schedule D:\workspace\egg-example\node_modules\egg-logrotator\app\schedule\rotate_by_file.js
2020-06-29 17:55:28,484 INFO 12124 [egg-schedule]: register schedule D:\workspace\egg-example\node_modules\egg-multipart\app\schedule\clean_tmpdir.js
2020-06-29 17:55:28,485 INFO 12124 [egg-schedule]: register schedule D:\workspace\egg-example\node_modules\egg-logrotator\app\schedule\clean_log.js
2020-06-29 17:55:28,485 INFO 12124 [egg-schedule]: register schedule D:\workspace\egg-example\node_modules\egg-logrotator\app\schedule\rotate_by_file.js
2020-06-29 17:56:39,671 INFO 6476 [egg-schedule]: register schedule D:\workspace\egg-example\node_modules\egg-multipart\app\schedule\clean_tmpdir.js
2020-06-29 17:56:39,671 INFO 6476 [egg-schedule]: register schedule D:\workspace\egg-example\node_modules\egg-logrotator\app\schedule\clean_log.js
2020-06-29 17:56:39,671 INFO 6476 [egg-schedule]: register schedule D:\workspace\egg-example\node_modules\egg-logrotator\app\schedule\rotate_by_file.js
2020-06-29 17:56:45,932 INFO 1300 [egg-schedule]: register schedule D:\workspace\egg-example\node_modules\egg-multipart\app\schedule\clean_tmpdir.js
2020-06-29 17:56:45,932 INFO 1300 [egg-schedule]: register schedule D:\workspace\egg-example\node_modules\egg-logrotator\app\schedule\clean_log.js
2020-06-29 17:56:45,932 INFO 1300 [egg-schedule]: register schedule D:\workspace\egg-example\node_modules\egg-logrotator\app\schedule\rotate_by_file.js
2020-06-29 17:57:10,151 INFO 12036 [egg-schedule]: register schedule D:\workspace\egg-example\node_modules\egg-multipart\app\schedule\clean_tmpdir.js
2020-06-29 17:57:10,151 INFO 12036 [egg-schedule]: register schedule D:\workspace\egg-example\node_modules\egg-logrotator\app\schedule\clean_log.js
2020-06-29 17:57:10,151 INFO 12036 [egg-schedule]: register schedule D:\workspace\egg-example\node_modules\egg-logrotator\app\schedule\rotate_by_file.js
2020-06-29 17:58:40,165 INFO 8904 [egg-schedule]: register schedule D:\workspace\egg-example\node_modules\egg-multipart\app\schedule\clean_tmpdir.js
2020-06-29 17:58:40,165 INFO 8904 [egg-schedule]: register schedule D:\workspace\egg-example\node_modules\egg-logrotator\app\schedule\clean_log.js
2020-06-29 17:58:40,165 INFO 8904 [egg-schedule]: register schedule D:\workspace\egg-example\node_modules\egg-logrotator\app\schedule\rotate_by_file.js
2020-06-29 17:59:47,826 INFO 7040 [egg-schedule]: register schedule D:\workspace\egg-example\node_modules\egg-multipart\app\schedule\clean_tmpdir.js
2020-06-29 17:59:47,826 INFO 7040 [egg-schedule]: register schedule D:\workspace\egg-example\node_modules\egg-logrotator\app\schedule\clean_log.js
2020-06-29 17:59:47,826 INFO 7040 [egg-schedule]: register schedule D:\workspace\egg-example\node_modules\egg-logrotator\app\schedule\rotate_by_file.js
2020-06-29 18:00:13,981 INFO 10860 [egg-schedule]: register schedule D:\workspace\egg-example\node_modules\egg-multipart\app\schedule\clean_tmpdir.js
2020-06-29 18:00:13,981 INFO 10860 [egg-schedule]: register schedule D:\workspace\egg-example\node_modules\egg-logrotator\app\schedule\clean_log.js
2020-06-29 18:00:13,981 INFO 10860 [egg-schedule]: register schedule D:\workspace\egg-example\node_modules\egg-logrotator\app\schedule\rotate_by_file.js
2020-06-29 18:01:49,446 INFO 9056 [egg-schedule]: register schedule D:\workspace\egg-example\node_modules\egg-multipart\app\schedule\clean_tmpdir.js
2020-06-29 18:01:49,446 INFO 9056 [egg-schedule]: register schedule D:\workspace\egg-example\node_modules\egg-logrotator\app\schedule\clean_log.js
2020-06-29 18:01:49,446 INFO 9056 [egg-schedule]: register schedule D:\workspace\egg-example\node_modules\egg-logrotator\app\schedule\rotate_by_file.js
2020-06-29 18:03:54,057 INFO 5124 [egg-schedule]: register schedule D:\workspace\egg-example\node_modules\egg-multipart\app\schedule\clean_tmpdir.js
2020-06-29 18:03:54,057 INFO 5124 [egg-schedule]: register schedule D:\workspace\egg-example\node_modules\egg-logrotator\app\schedule\clean_log.js
2020-06-29 18:03:54,057 INFO 5124 [egg-schedule]: register schedule D:\workspace\egg-example\node_modules\egg-logrotator\app\schedule\rotate_by_file.js
